<?xml version="1.0" encoding="UTF-8"?>
<!-- Generated by org.testng.reporters.JUnitReportReporter -->
<testsuite hostname="DESKTOP-GLSGGQ6" failures="0" tests="18" name="tests.SantanderNavigationTest" time="7.733" errors="9" timestamp="2026-09-08T13:06:04 CST" skipped="9">
  <testcase classname="tests.SantanderNavigationTest" name="setUp" time="1.160">
    <error message="Could not start a new session. Possible causes are invalid address of the remote server or browser start-up failure. 
Host info: host: &#039;DESKTOP-GLSGGQ6&#039;, ip: &#039;192.168.0.53&#039;
Build info: version: &#039;4.35.0&#039;, revision: &#039;1c58e5028b&#039;
System info: os.name: &#039;Windows 11&#039;, os.arch: &#039;amd64&#039;, os.version: &#039;10.0&#039;, java.version: &#039;21.0.12&#039;
Driver info: org.openqa.selenium.chrome.ChromeDriver
Command: [null, newSession {capabilities=[Capabilities {browserName: chrome, goog:chromeOptions: {args: [--disable-search-engine-cho...], binary: C:\Program Files\Google\Chr..., extensions: [], prefs: {credentials_enable_service: false, profile.password_manager_enabled: false, profile.password_manager_leak_detection: false}}}]}]" type="org.openqa.selenium.SessionNotCreatedException">
      <![CDATA[org.openqa.selenium.SessionNotCreatedException: Could not start a new session. Possible causes are invalid address of the remote server or browser start-up failure. 
Host info: host: 'DESKTOP-GLSGGQ6', ip: '192.168.0.53'
Build info: version: '4.35.0', revision: '1c58e5028b'
System info: os.name: 'Windows 11', os.arch: 'amd64', os.version: '10.0', java.version: '21.0.12'
Driver info: org.openqa.selenium.chrome.ChromeDriver
Command: [null, newSession {capabilities=[Capabilities {browserName: chrome, goog:chromeOptions: {args: [--disable-search-engine-cho...], binary: C:\Program Files\Google\Chr..., extensions: [], prefs: {credentials_enable_service: false, profile.password_manager_enabled: false, profile.password_manager_leak_detection: false}}}]}]
at org.openqa.selenium.remote.RemoteWebDriver.execute(RemoteWebDriver.java:575)
at org.openqa.selenium.remote.RemoteWebDriver.startSession(RemoteWebDriver.java:246)
at org.openqa.selenium.remote.RemoteWebDriver.<init>(RemoteWebDriver.java:174)
at org.openqa.selenium.chromium.ChromiumDriver.<init>(ChromiumDriver.java:99)
at org.openqa.selenium.chrome.ChromeDriver.<init>(ChromeDriver.java:88)
at org.openqa.selenium.chrome.ChromeDriver.<init>(ChromeDriver.java:83)
at org.openqa.selenium.chrome.ChromeDriver.<init>(ChromeDriver.java:72)
at utils.DriverFactory.createChromeDriver(DriverFactory.java:28)
at base.BaseTest.iniciarDriver(BaseTest.java:23)
at base.BaseTest.setUp(BaseTest.java:19)
at java.base/jdk.internal.reflect.DirectMethodHandleAccessor.invoke(DirectMethodHandleAccessor.java:103)
at java.base/java.lang.reflect.Method.invoke(Method.java:580)
at org.testng.internal.invokers.MethodInvocationHelper.invokeMethod(MethodInvocationHelper.java:141)
at org.testng.internal.invokers.MethodInvocationHelper.invokeMethodConsideringTimeout(MethodInvocationHelper.java:71)
at org.testng.internal.invokers.ConfigInvoker.invokeConfigurationMethod(ConfigInvoker.java:400)
at org.testng.internal.invokers.ConfigInvoker.invokeConfigurations(ConfigInvoker.java:333)
at org.testng.internal.invokers.TestInvoker.runConfigMethods(TestInvoker.java:836)
at org.testng.internal.invokers.TestInvoker.invokeMethod(TestInvoker.java:601)
at org.testng.internal.invokers.TestInvoker.invokeTestMethod(TestInvoker.java:230)
at org.testng.internal.invokers.MethodRunner.runInSequence(MethodRunner.java:63)
at org.testng.internal.invokers.TestInvoker$MethodInvocationAgent.invoke(TestInvoker.java:995)
at org.testng.internal.invokers.TestInvoker.invokeTestMethods(TestInvoker.java:203)
at org.testng.internal.invokers.TestMethodWorker.invokeTestMethods(TestMethodWorker.java:154)
at org.testng.internal.invokers.TestMethodWorker.run(TestMethodWorker.java:134)
at java.base/java.util.ArrayList.forEach(ArrayList.java:1596)
at org.testng.TestRunner.privateRun(TestRunner.java:741)
at org.testng.TestRunner.run(TestRunner.java:616)
at org.testng.SuiteRunner.runTest(SuiteRunner.java:421)
at org.testng.SuiteRunner.runSequentially(SuiteRunner.java:413)
at org.testng.SuiteRunner.privateRun(SuiteRunner.java:373)
at org.testng.SuiteRunner.run(SuiteRunner.java:312)
at org.testng.SuiteRunnerWorker.runSuite(SuiteRunnerWorker.java:52)
at org.testng.SuiteRunnerWorker.run(SuiteRunnerWorker.java:95)
at org.testng.TestNG.runSuitesSequentially(TestNG.java:1274)
at org.testng.TestNG.runSuitesLocally(TestNG.java:1208)
at org.testng.TestNG.runSuites(TestNG.java:1112)
at org.testng.TestNG.run(TestNG.java:1079)
at org.testng.remote.AbstractRemoteTestNG.run(AbstractRemoteTestNG.java:115)
at org.testng.remote.RemoteTestNG.initAndRun(RemoteTestNG.java:293)
at org.testng.remote.RemoteTestNG.main(RemoteTestNG.java:91)
Caused by: java.io.UncheckedIOException: java.io.IOException: Cannot run program "C:\Users\sergi\.cache\selenium\chromedriver\win64\152.0.7977.82\chromedriver.exe": CreateProcess error=4551, Una directiva de Control de aplicaciones bloqueó este archivo
at org.openqa.selenium.os.ExternalProcess$Builder.start(ExternalProcess.java:195)
at org.openqa.selenium.remote.service.DriverService.start(DriverService.java:213)
at org.openqa.selenium.remote.service.DriverCommandExecutor.execute(DriverCommandExecutor.java:117)
at org.openqa.selenium.remote.RemoteWebDriver.execute(RemoteWebDriver.java:557)
... 39 more
Caused by: java.io.IOException: Cannot run program "C:\Users\sergi\.cache\selenium\chromedriver\win64\152.0.7977.82\chromedriver.exe": CreateProcess error=4551, Una directiva de Control de aplicaciones bloqueó este archivo
at java.base/java.lang.ProcessBuilder.start(ProcessBuilder.java:1170)
at java.base/java.lang.ProcessBuilder.start(ProcessBuilder.java:1089)
at org.openqa.selenium.os.ExternalProcess$Builder.start(ExternalProcess.java:193)
... 42 more
Caused by: java.io.IOException: CreateProcess error=4551, Una directiva de Control de aplicaciones bloqueó este archivo
at java.base/java.lang.ProcessImpl.create(Native Method)
at java.base/java.lang.ProcessImpl.<init>(ProcessImpl.java:506)
at java.base/java.lang.ProcessImpl.start(ProcessImpl.java:159)
at java.base/java.lang.ProcessBuilder.start(ProcessBuilder.java:1126)
... 44 more
]]>
    </error>
  </testcase> <!-- setUp -->
  <testcase classname="tests.SantanderNavigationTest" name="setUp" time="0.811">
    <error message="Could not start a new session. Possible causes are invalid address of the remote server or browser start-up failure. 
Host info: host: &#039;DESKTOP-GLSGGQ6&#039;, ip: &#039;192.168.0.53&#039;
Build info: version: &#039;4.35.0&#039;, revision: &#039;1c58e5028b&#039;
System info: os.name: &#039;Windows 11&#039;, os.arch: &#039;amd64&#039;, os.version: &#039;10.0&#039;, java.version: &#039;21.0.12&#039;
Driver info: org.openqa.selenium.chrome.ChromeDriver
Command: [null, newSession {capabilities=[Capabilities {browserName: chrome, goog:chromeOptions: {args: [--disable-search-engine-cho...], binary: C:\Program Files\Google\Chr..., extensions: [], prefs: {credentials_enable_service: false, profile.password_manager_enabled: false, profile.password_manager_leak_detection: false}}}]}]" type="org.openqa.selenium.SessionNotCreatedException">
      <![CDATA[org.openqa.selenium.SessionNotCreatedException: Could not start a new session. Possible causes are invalid address of the remote server or browser start-up failure. 
Host info: host: 'DESKTOP-GLSGGQ6', ip: '192.168.0.53'
Build info: version: '4.35.0', revision: '1c58e5028b'
System info: os.name: 'Windows 11', os.arch: 'amd64', os.version: '10.0', java.version: '21.0.12'
Driver info: org.openqa.selenium.chrome.ChromeDriver
Command: [null, newSession {capabilities=[Capabilities {browserName: chrome, goog:chromeOptions: {args: [--disable-search-engine-cho...], binary: C:\Program Files\Google\Chr..., extensions: [], prefs: {credentials_enable_service: false, profile.password_manager_enabled: false, profile.password_manager_leak_detection: false}}}]}]
at org.openqa.selenium.remote.RemoteWebDriver.execute(RemoteWebDriver.java:575)
at org.openqa.selenium.remote.RemoteWebDriver.startSession(RemoteWebDriver.java:246)
at org.openqa.selenium.remote.RemoteWebDriver.<init>(RemoteWebDriver.java:174)
at org.openqa.selenium.chromium.ChromiumDriver.<init>(ChromiumDriver.java:99)
at org.openqa.selenium.chrome.ChromeDriver.<init>(ChromeDriver.java:88)
at org.openqa.selenium.chrome.ChromeDriver.<init>(ChromeDriver.java:83)
at org.openqa.selenium.chrome.ChromeDriver.<init>(ChromeDriver.java:72)
at utils.DriverFactory.createChromeDriver(DriverFactory.java:28)
at base.BaseTest.iniciarDriver(BaseTest.java:23)
at base.BaseTest.setUp(BaseTest.java:19)
at java.base/jdk.internal.reflect.DirectMethodHandleAccessor.invoke(DirectMethodHandleAccessor.java:103)
at java.base/java.lang.reflect.Method.invoke(Method.java:580)
at org.testng.internal.invokers.MethodInvocationHelper.invokeMethod(MethodInvocationHelper.java:141)
at org.testng.internal.invokers.MethodInvocationHelper.invokeMethodConsideringTimeout(MethodInvocationHelper.java:71)
at org.testng.internal.invokers.ConfigInvoker.invokeConfigurationMethod(ConfigInvoker.java:400)
at org.testng.internal.invokers.ConfigInvoker.invokeConfigurations(ConfigInvoker.java:333)
at org.testng.internal.invokers.TestInvoker.runConfigMethods(TestInvoker.java:836)
at org.testng.internal.invokers.TestInvoker.invokeMethod(TestInvoker.java:601)
at org.testng.internal.invokers.TestInvoker.invokeTestMethod(TestInvoker.java:230)
at org.testng.internal.invokers.MethodRunner.runInSequence(MethodRunner.java:63)
at org.testng.internal.invokers.TestInvoker$MethodInvocationAgent.invoke(TestInvoker.java:995)
at org.testng.internal.invokers.TestInvoker.invokeTestMethods(TestInvoker.java:203)
at org.testng.internal.invokers.TestMethodWorker.invokeTestMethods(TestMethodWorker.java:154)
at org.testng.internal.invokers.TestMethodWorker.run(TestMethodWorker.java:134)
at java.base/java.util.ArrayList.forEach(ArrayList.java:1596)
at org.testng.TestRunner.privateRun(TestRunner.java:741)
at org.testng.TestRunner.run(TestRunner.java:616)
at org.testng.SuiteRunner.runTest(SuiteRunner.java:421)
at org.testng.SuiteRunner.runSequentially(SuiteRunner.java:413)
at org.testng.SuiteRunner.privateRun(SuiteRunner.java:373)
at org.testng.SuiteRunner.run(SuiteRunner.java:312)
at org.testng.SuiteRunnerWorker.runSuite(SuiteRunnerWorker.java:52)
at org.testng.SuiteRunnerWorker.run(SuiteRunnerWorker.java:95)
at org.testng.TestNG.runSuitesSequentially(TestNG.java:1274)
at org.testng.TestNG.runSuitesLocally(TestNG.java:1208)
at org.testng.TestNG.runSuites(TestNG.java:1112)
at org.testng.TestNG.run(TestNG.java:1079)
at org.testng.remote.AbstractRemoteTestNG.run(AbstractRemoteTestNG.java:115)
at org.testng.remote.RemoteTestNG.initAndRun(RemoteTestNG.java:293)
at org.testng.remote.RemoteTestNG.main(RemoteTestNG.java:91)
Caused by: java.io.UncheckedIOException: java.io.IOException: Cannot run program "C:\Users\sergi\.cache\selenium\chromedriver\win64\152.0.7977.82\chromedriver.exe": CreateProcess error=4551, Una directiva de Control de aplicaciones bloqueó este archivo
at org.openqa.selenium.os.ExternalProcess$Builder.start(ExternalProcess.java:195)
at org.openqa.selenium.remote.service.DriverService.start(DriverService.java:213)
at org.openqa.selenium.remote.service.DriverCommandExecutor.execute(DriverCommandExecutor.java:117)
at org.openqa.selenium.remote.RemoteWebDriver.execute(RemoteWebDriver.java:557)
... 39 more
Caused by: java.io.IOException: Cannot run program "C:\Users\sergi\.cache\selenium\chromedriver\win64\152.0.7977.82\chromedriver.exe": CreateProcess error=4551, Una directiva de Control de aplicaciones bloqueó este archivo
at java.base/java.lang.ProcessBuilder.start(ProcessBuilder.java:1170)
at java.base/java.lang.ProcessBuilder.start(ProcessBuilder.java:1089)
at org.openqa.selenium.os.ExternalProcess$Builder.start(ExternalProcess.java:193)
... 42 more
Caused by: java.io.IOException: CreateProcess error=4551, Una directiva de Control de aplicaciones bloqueó este archivo
at java.base/java.lang.ProcessImpl.create(Native Method)
at java.base/java.lang.ProcessImpl.<init>(ProcessImpl.java:506)
at java.base/java.lang.ProcessImpl.start(ProcessImpl.java:159)
at java.base/java.lang.ProcessBuilder.start(ProcessBuilder.java:1126)
... 44 more
]]>
    </error>
  </testcase> <!-- setUp -->
  <testcase classname="tests.SantanderNavigationTest" name="setUp" time="0.825">
    <error message="Could not start a new session. Possible causes are invalid address of the remote server or browser start-up failure. 
Host info: host: &#039;DESKTOP-GLSGGQ6&#039;, ip: &#039;192.168.0.53&#039;
Build info: version: &#039;4.35.0&#039;, revision: &#039;1c58e5028b&#039;
System info: os.name: &#039;Windows 11&#039;, os.arch: &#039;amd64&#039;, os.version: &#039;10.0&#039;, java.version: &#039;21.0.12&#039;
Driver info: org.openqa.selenium.chrome.ChromeDriver
Command: [null, newSession {capabilities=[Capabilities {browserName: chrome, goog:chromeOptions: {args: [--disable-search-engine-cho...], binary: C:\Program Files\Google\Chr..., extensions: [], prefs: {credentials_enable_service: false, profile.password_manager_enabled: false, profile.password_manager_leak_detection: false}}}]}]" type="org.openqa.selenium.SessionNotCreatedException">
      <![CDATA[org.openqa.selenium.SessionNotCreatedException: Could not start a new session. Possible causes are invalid address of the remote server or browser start-up failure. 
Host info: host: 'DESKTOP-GLSGGQ6', ip: '192.168.0.53'
Build info: version: '4.35.0', revision: '1c58e5028b'
System info: os.name: 'Windows 11', os.arch: 'amd64', os.version: '10.0', java.version: '21.0.12'
Driver info: org.openqa.selenium.chrome.ChromeDriver
Command: [null, newSession {capabilities=[Capabilities {browserName: chrome, goog:chromeOptions: {args: [--disable-search-engine-cho...], binary: C:\Program Files\Google\Chr..., extensions: [], prefs: {credentials_enable_service: false, profile.password_manager_enabled: false, profile.password_manager_leak_detection: false}}}]}]
at org.openqa.selenium.remote.RemoteWebDriver.execute(RemoteWebDriver.java:575)
at org.openqa.selenium.remote.RemoteWebDriver.startSession(RemoteWebDriver.java:246)
at org.openqa.selenium.remote.RemoteWebDriver.<init>(RemoteWebDriver.java:174)
at org.openqa.selenium.chromium.ChromiumDriver.<init>(ChromiumDriver.java:99)
at org.openqa.selenium.chrome.ChromeDriver.<init>(ChromeDriver.java:88)
at org.openqa.selenium.chrome.ChromeDriver.<init>(ChromeDriver.java:83)
at org.openqa.selenium.chrome.ChromeDriver.<init>(ChromeDriver.java:72)
at utils.DriverFactory.createChromeDriver(DriverFactory.java:28)
at base.BaseTest.iniciarDriver(BaseTest.java:23)
at base.BaseTest.setUp(BaseTest.java:19)
at java.base/jdk.internal.reflect.DirectMethodHandleAccessor.invoke(DirectMethodHandleAccessor.java:103)
at java.base/java.lang.reflect.Method.invoke(Method.java:580)
at org.testng.internal.invokers.MethodInvocationHelper.invokeMethod(MethodInvocationHelper.java:141)
at org.testng.internal.invokers.MethodInvocationHelper.invokeMethodConsideringTimeout(MethodInvocationHelper.java:71)
at org.testng.internal.invokers.ConfigInvoker.invokeConfigurationMethod(ConfigInvoker.java:400)
at org.testng.internal.invokers.ConfigInvoker.invokeConfigurations(ConfigInvoker.java:333)
at org.testng.internal.invokers.TestInvoker.runConfigMethods(TestInvoker.java:836)
at org.testng.internal.invokers.TestInvoker.invokeMethod(TestInvoker.java:601)
at org.testng.internal.invokers.TestInvoker.invokeTestMethod(TestInvoker.java:230)
at org.testng.internal.invokers.MethodRunner.runInSequence(MethodRunner.java:63)
at org.testng.internal.invokers.TestInvoker$MethodInvocationAgent.invoke(TestInvoker.java:995)
at org.testng.internal.invokers.TestInvoker.invokeTestMethods(TestInvoker.java:203)
at org.testng.internal.invokers.TestMethodWorker.invokeTestMethods(TestMethodWorker.java:154)
at org.testng.internal.invokers.TestMethodWorker.run(TestMethodWorker.java:134)
at java.base/java.util.ArrayList.forEach(ArrayList.java:1596)
at org.testng.TestRunner.privateRun(TestRunner.java:741)
at org.testng.TestRunner.run(TestRunner.java:616)
at org.testng.SuiteRunner.runTest(SuiteRunner.java:421)
at org.testng.SuiteRunner.runSequentially(SuiteRunner.java:413)
at org.testng.SuiteRunner.privateRun(SuiteRunner.java:373)
at org.testng.SuiteRunner.run(SuiteRunner.java:312)
at org.testng.SuiteRunnerWorker.runSuite(SuiteRunnerWorker.java:52)
at org.testng.SuiteRunnerWorker.run(SuiteRunnerWorker.java:95)
at org.testng.TestNG.runSuitesSequentially(TestNG.java:1274)
at org.testng.TestNG.runSuitesLocally(TestNG.java:1208)
at org.testng.TestNG.runSuites(TestNG.java:1112)
at org.testng.TestNG.run(TestNG.java:1079)
at org.testng.remote.AbstractRemoteTestNG.run(AbstractRemoteTestNG.java:115)
at org.testng.remote.RemoteTestNG.initAndRun(RemoteTestNG.java:293)
at org.testng.remote.RemoteTestNG.main(RemoteTestNG.java:91)
Caused by: java.io.UncheckedIOException: java.io.IOException: Cannot run program "C:\Users\sergi\.cache\selenium\chromedriver\win64\152.0.7977.82\chromedriver.exe": CreateProcess error=4551, Una directiva de Control de aplicaciones bloqueó este archivo
at org.openqa.selenium.os.ExternalProcess$Builder.start(ExternalProcess.java:195)
at org.openqa.selenium.remote.service.DriverService.start(DriverService.java:213)
at org.openqa.selenium.remote.service.DriverCommandExecutor.execute(DriverCommandExecutor.java:117)
at org.openqa.selenium.remote.RemoteWebDriver.execute(RemoteWebDriver.java:557)
... 39 more
Caused by: java.io.IOException: Cannot run program "C:\Users\sergi\.cache\selenium\chromedriver\win64\152.0.7977.82\chromedriver.exe": CreateProcess error=4551, Una directiva de Control de aplicaciones bloqueó este archivo
at java.base/java.lang.ProcessBuilder.start(ProcessBuilder.java:1170)
at java.base/java.lang.ProcessBuilder.start(ProcessBuilder.java:1089)
at org.openqa.selenium.os.ExternalProcess$Builder.start(ExternalProcess.java:193)
... 42 more
Caused by: java.io.IOException: CreateProcess error=4551, Una directiva de Control de aplicaciones bloqueó este archivo
at java.base/java.lang.ProcessImpl.create(Native Method)
at java.base/java.lang.ProcessImpl.<init>(ProcessImpl.java:506)
at java.base/java.lang.ProcessImpl.start(ProcessImpl.java:159)
at java.base/java.lang.ProcessBuilder.start(ProcessBuilder.java:1126)
... 44 more
]]>
    </error>
  </testcase> <!-- setUp -->
  <testcase classname="tests.SantanderNavigationTest" name="setUp" time="0.822">
    <error message="Could not start a new session. Possible causes are invalid address of the remote server or browser start-up failure. 
Host info: host: &#039;DESKTOP-GLSGGQ6&#039;, ip: &#039;192.168.0.53&#039;
Build info: version: &#039;4.35.0&#039;, revision: &#039;1c58e5028b&#039;
System info: os.name: &#039;Windows 11&#039;, os.arch: &#039;amd64&#039;, os.version: &#039;10.0&#039;, java.version: &#039;21.0.12&#039;
Driver info: org.openqa.selenium.chrome.ChromeDriver
Command: [null, newSession {capabilities=[Capabilities {browserName: chrome, goog:chromeOptions: {args: [--disable-search-engine-cho...], binary: C:\Program Files\Google\Chr..., extensions: [], prefs: {credentials_enable_service: false, profile.password_manager_enabled: false, profile.password_manager_leak_detection: false}}}]}]" type="org.openqa.selenium.SessionNotCreatedException">
      <![CDATA[org.openqa.selenium.SessionNotCreatedException: Could not start a new session. Possible causes are invalid address of the remote server or browser start-up failure. 
Host info: host: 'DESKTOP-GLSGGQ6', ip: '192.168.0.53'
Build info: version: '4.35.0', revision: '1c58e5028b'
System info: os.name: 'Windows 11', os.arch: 'amd64', os.version: '10.0', java.version: '21.0.12'
Driver info: org.openqa.selenium.chrome.ChromeDriver
Command: [null, newSession {capabilities=[Capabilities {browserName: chrome, goog:chromeOptions: {args: [--disable-search-engine-cho...], binary: C:\Program Files\Google\Chr..., extensions: [], prefs: {credentials_enable_service: false, profile.password_manager_enabled: false, profile.password_manager_leak_detection: false}}}]}]
at org.openqa.selenium.remote.RemoteWebDriver.execute(RemoteWebDriver.java:575)
at org.openqa.selenium.remote.RemoteWebDriver.startSession(RemoteWebDriver.java:246)
at org.openqa.selenium.remote.RemoteWebDriver.<init>(RemoteWebDriver.java:174)
at org.openqa.selenium.chromium.ChromiumDriver.<init>(ChromiumDriver.java:99)
at org.openqa.selenium.chrome.ChromeDriver.<init>(ChromeDriver.java:88)
at org.openqa.selenium.chrome.ChromeDriver.<init>(ChromeDriver.java:83)
at org.openqa.selenium.chrome.ChromeDriver.<init>(ChromeDriver.java:72)
at utils.DriverFactory.createChromeDriver(DriverFactory.java:28)
at base.BaseTest.iniciarDriver(BaseTest.java:23)
at base.BaseTest.setUp(BaseTest.java:19)
at java.base/jdk.internal.reflect.DirectMethodHandleAccessor.invoke(DirectMethodHandleAccessor.java:103)
at java.base/java.lang.reflect.Method.invoke(Method.java:580)
at org.testng.internal.invokers.MethodInvocationHelper.invokeMethod(MethodInvocationHelper.java:141)
at org.testng.internal.invokers.MethodInvocationHelper.invokeMethodConsideringTimeout(MethodInvocationHelper.java:71)
at org.testng.internal.invokers.ConfigInvoker.invokeConfigurationMethod(ConfigInvoker.java:400)
at org.testng.internal.invokers.ConfigInvoker.invokeConfigurations(ConfigInvoker.java:333)
at org.testng.internal.invokers.TestInvoker.runConfigMethods(TestInvoker.java:836)
at org.testng.internal.invokers.TestInvoker.invokeMethod(TestInvoker.java:601)
at org.testng.internal.invokers.TestInvoker.invokeTestMethod(TestInvoker.java:230)
at org.testng.internal.invokers.MethodRunner.runInSequence(MethodRunner.java:63)
at org.testng.internal.invokers.TestInvoker$MethodInvocationAgent.invoke(TestInvoker.java:995)
at org.testng.internal.invokers.TestInvoker.invokeTestMethods(TestInvoker.java:203)
at org.testng.internal.invokers.TestMethodWorker.invokeTestMethods(TestMethodWorker.java:154)
at org.testng.internal.invokers.TestMethodWorker.run(TestMethodWorker.java:134)
at java.base/java.util.ArrayList.forEach(ArrayList.java:1596)
at org.testng.TestRunner.privateRun(TestRunner.java:741)
at org.testng.TestRunner.run(TestRunner.java:616)
at org.testng.SuiteRunner.runTest(SuiteRunner.java:421)
at org.testng.SuiteRunner.runSequentially(SuiteRunner.java:413)
at org.testng.SuiteRunner.privateRun(SuiteRunner.java:373)
at org.testng.SuiteRunner.run(SuiteRunner.java:312)
at org.testng.SuiteRunnerWorker.runSuite(SuiteRunnerWorker.java:52)
at org.testng.SuiteRunnerWorker.run(SuiteRunnerWorker.java:95)
at org.testng.TestNG.runSuitesSequentially(TestNG.java:1274)
at org.testng.TestNG.runSuitesLocally(TestNG.java:1208)
at org.testng.TestNG.runSuites(TestNG.java:1112)
at org.testng.TestNG.run(TestNG.java:1079)
at org.testng.remote.AbstractRemoteTestNG.run(AbstractRemoteTestNG.java:115)
at org.testng.remote.RemoteTestNG.initAndRun(RemoteTestNG.java:293)
at org.testng.remote.RemoteTestNG.main(RemoteTestNG.java:91)
Caused by: java.io.UncheckedIOException: java.io.IOException: Cannot run program "C:\Users\sergi\.cache\selenium\chromedriver\win64\152.0.7977.82\chromedriver.exe": CreateProcess error=4551, Una directiva de Control de aplicaciones bloqueó este archivo
at org.openqa.selenium.os.ExternalProcess$Builder.start(ExternalProcess.java:195)
at org.openqa.selenium.remote.service.DriverService.start(DriverService.java:213)
at org.openqa.selenium.remote.service.DriverCommandExecutor.execute(DriverCommandExecutor.java:117)
at org.openqa.selenium.remote.RemoteWebDriver.execute(RemoteWebDriver.java:557)
... 39 more
Caused by: java.io.IOException: Cannot run program "C:\Users\sergi\.cache\selenium\chromedriver\win64\152.0.7977.82\chromedriver.exe": CreateProcess error=4551, Una directiva de Control de aplicaciones bloqueó este archivo
at java.base/java.lang.ProcessBuilder.start(ProcessBuilder.java:1170)
at java.base/java.lang.ProcessBuilder.start(ProcessBuilder.java:1089)
at org.openqa.selenium.os.ExternalProcess$Builder.start(ExternalProcess.java:193)
... 42 more
Caused by: java.io.IOException: CreateProcess error=4551, Una directiva de Control de aplicaciones bloqueó este archivo
at java.base/java.lang.ProcessImpl.create(Native Method)
at java.base/java.lang.ProcessImpl.<init>(ProcessImpl.java:506)
at java.base/java.lang.ProcessImpl.start(ProcessImpl.java:159)
at java.base/java.lang.ProcessBuilder.start(ProcessBuilder.java:1126)
... 44 more
]]>
    </error>
  </testcase> <!-- setUp -->
  <testcase classname="tests.SantanderNavigationTest" name="setUp" time="0.891">
    <error message="Could not start a new session. Possible causes are invalid address of the remote server or browser start-up failure. 
Host info: host: &#039;DESKTOP-GLSGGQ6&#039;, ip: &#039;192.168.0.53&#039;
Build info: version: &#039;4.35.0&#039;, revision: &#039;1c58e5028b&#039;
System info: os.name: &#039;Windows 11&#039;, os.arch: &#039;amd64&#039;, os.version: &#039;10.0&#039;, java.version: &#039;21.0.12&#039;
Driver info: org.openqa.selenium.chrome.ChromeDriver
Command: [null, newSession {capabilities=[Capabilities {browserName: chrome, goog:chromeOptions: {args: [--disable-search-engine-cho...], binary: C:\Program Files\Google\Chr..., extensions: [], prefs: {credentials_enable_service: false, profile.password_manager_enabled: false, profile.password_manager_leak_detection: false}}}]}]" type="org.openqa.selenium.SessionNotCreatedException">
      <![CDATA[org.openqa.selenium.SessionNotCreatedException: Could not start a new session. Possible causes are invalid address of the remote server or browser start-up failure. 
Host info: host: 'DESKTOP-GLSGGQ6', ip: '192.168.0.53'
Build info: version: '4.35.0', revision: '1c58e5028b'
System info: os.name: 'Windows 11', os.arch: 'amd64', os.version: '10.0', java.version: '21.0.12'
Driver info: org.openqa.selenium.chrome.ChromeDriver
Command: [null, newSession {capabilities=[Capabilities {browserName: chrome, goog:chromeOptions: {args: [--disable-search-engine-cho...], binary: C:\Program Files\Google\Chr..., extensions: [], prefs: {credentials_enable_service: false, profile.password_manager_enabled: false, profile.password_manager_leak_detection: false}}}]}]
at org.openqa.selenium.remote.RemoteWebDriver.execute(RemoteWebDriver.java:575)
at org.openqa.selenium.remote.RemoteWebDriver.startSession(RemoteWebDriver.java:246)
at org.openqa.selenium.remote.RemoteWebDriver.<init>(RemoteWebDriver.java:174)
at org.openqa.selenium.chromium.ChromiumDriver.<init>(ChromiumDriver.java:99)
at org.openqa.selenium.chrome.ChromeDriver.<init>(ChromeDriver.java:88)
at org.openqa.selenium.chrome.ChromeDriver.<init>(ChromeDriver.java:83)
at org.openqa.selenium.chrome.ChromeDriver.<init>(ChromeDriver.java:72)
at utils.DriverFactory.createChromeDriver(DriverFactory.java:28)
at base.BaseTest.iniciarDriver(BaseTest.java:23)
at base.BaseTest.setUp(BaseTest.java:19)
at java.base/jdk.internal.reflect.DirectMethodHandleAccessor.invoke(DirectMethodHandleAccessor.java:103)
at java.base/java.lang.reflect.Method.invoke(Method.java:580)
at org.testng.internal.invokers.MethodInvocationHelper.invokeMethod(MethodInvocationHelper.java:141)
at org.testng.internal.invokers.MethodInvocationHelper.invokeMethodConsideringTimeout(MethodInvocationHelper.java:71)
at org.testng.internal.invokers.ConfigInvoker.invokeConfigurationMethod(ConfigInvoker.java:400)
at org.testng.internal.invokers.ConfigInvoker.invokeConfigurations(ConfigInvoker.java:333)
at org.testng.internal.invokers.TestInvoker.runConfigMethods(TestInvoker.java:836)
at org.testng.internal.invokers.TestInvoker.invokeMethod(TestInvoker.java:601)
at org.testng.internal.invokers.TestInvoker.invokeTestMethod(TestInvoker.java:230)
at org.testng.internal.invokers.MethodRunner.runInSequence(MethodRunner.java:63)
at org.testng.internal.invokers.TestInvoker$MethodInvocationAgent.invoke(TestInvoker.java:995)
at org.testng.internal.invokers.TestInvoker.invokeTestMethods(TestInvoker.java:203)
at org.testng.internal.invokers.TestMethodWorker.invokeTestMethods(TestMethodWorker.java:154)
at org.testng.internal.invokers.TestMethodWorker.run(TestMethodWorker.java:134)
at java.base/java.util.ArrayList.forEach(ArrayList.java:1596)
at org.testng.TestRunner.privateRun(TestRunner.java:741)
at org.testng.TestRunner.run(TestRunner.java:616)
at org.testng.SuiteRunner.runTest(SuiteRunner.java:421)
at org.testng.SuiteRunner.runSequentially(SuiteRunner.java:413)
at org.testng.SuiteRunner.privateRun(SuiteRunner.java:373)
at org.testng.SuiteRunner.run(SuiteRunner.java:312)
at org.testng.SuiteRunnerWorker.runSuite(SuiteRunnerWorker.java:52)
at org.testng.SuiteRunnerWorker.run(SuiteRunnerWorker.java:95)
at org.testng.TestNG.runSuitesSequentially(TestNG.java:1274)
at org.testng.TestNG.runSuitesLocally(TestNG.java:1208)
at org.testng.TestNG.runSuites(TestNG.java:1112)
at org.testng.TestNG.run(TestNG.java:1079)
at org.testng.remote.AbstractRemoteTestNG.run(AbstractRemoteTestNG.java:115)
at org.testng.remote.RemoteTestNG.initAndRun(RemoteTestNG.java:293)
at org.testng.remote.RemoteTestNG.main(RemoteTestNG.java:91)
Caused by: java.io.UncheckedIOException: java.io.IOException: Cannot run program "C:\Users\sergi\.cache\selenium\chromedriver\win64\152.0.7977.82\chromedriver.exe": CreateProcess error=4551, Una directiva de Control de aplicaciones bloqueó este archivo
at org.openqa.selenium.os.ExternalProcess$Builder.start(ExternalProcess.java:195)
at org.openqa.selenium.remote.service.DriverService.start(DriverService.java:213)
at org.openqa.selenium.remote.service.DriverCommandExecutor.execute(DriverCommandExecutor.java:117)
at org.openqa.selenium.remote.RemoteWebDriver.execute(RemoteWebDriver.java:557)
... 39 more
Caused by: java.io.IOException: Cannot run program "C:\Users\sergi\.cache\selenium\chromedriver\win64\152.0.7977.82\chromedriver.exe": CreateProcess error=4551, Una directiva de Control de aplicaciones bloqueó este archivo
at java.base/java.lang.ProcessBuilder.start(ProcessBuilder.java:1170)
at java.base/java.lang.ProcessBuilder.start(ProcessBuilder.java:1089)
at org.openqa.selenium.os.ExternalProcess$Builder.start(ExternalProcess.java:193)
... 42 more
Caused by: java.io.IOException: CreateProcess error=4551, Una directiva de Control de aplicaciones bloqueó este archivo
at java.base/java.lang.ProcessImpl.create(Native Method)
at java.base/java.lang.ProcessImpl.<init>(ProcessImpl.java:506)
at java.base/java.lang.ProcessImpl.start(ProcessImpl.java:159)
at java.base/java.lang.ProcessBuilder.start(ProcessBuilder.java:1126)
... 44 more
]]>
    </error>
  </testcase> <!-- setUp -->
  <testcase classname="tests.SantanderNavigationTest" name="setUp" time="0.793">
    <error message="Could not start a new session. Possible causes are invalid address of the remote server or browser start-up failure. 
Host info: host: &#039;DESKTOP-GLSGGQ6&#039;, ip: &#039;192.168.0.53&#039;
Build info: version: &#039;4.35.0&#039;, revision: &#039;1c58e5028b&#039;
System info: os.name: &#039;Windows 11&#039;, os.arch: &#039;amd64&#039;, os.version: &#039;10.0&#039;, java.version: &#039;21.0.12&#039;
Driver info: org.openqa.selenium.chrome.ChromeDriver
Command: [null, newSession {capabilities=[Capabilities {browserName: chrome, goog:chromeOptions: {args: [--disable-search-engine-cho...], binary: C:\Program Files\Google\Chr..., extensions: [], prefs: {credentials_enable_service: false, profile.password_manager_enabled: false, profile.password_manager_leak_detection: false}}}]}]" type="org.openqa.selenium.SessionNotCreatedException">
      <![CDATA[org.openqa.selenium.SessionNotCreatedException: Could not start a new session. Possible causes are invalid address of the remote server or browser start-up failure. 
Host info: host: 'DESKTOP-GLSGGQ6', ip: '192.168.0.53'
Build info: version: '4.35.0', revision: '1c58e5028b'
System info: os.name: 'Windows 11', os.arch: 'amd64', os.version: '10.0', java.version: '21.0.12'
Driver info: org.openqa.selenium.chrome.ChromeDriver
Command: [null, newSession {capabilities=[Capabilities {browserName: chrome, goog:chromeOptions: {args: [--disable-search-engine-cho...], binary: C:\Program Files\Google\Chr..., extensions: [], prefs: {credentials_enable_service: false, profile.password_manager_enabled: false, profile.password_manager_leak_detection: false}}}]}]
at org.openqa.selenium.remote.RemoteWebDriver.execute(RemoteWebDriver.java:575)
at org.openqa.selenium.remote.RemoteWebDriver.startSession(RemoteWebDriver.java:246)
at org.openqa.selenium.remote.RemoteWebDriver.<init>(RemoteWebDriver.java:174)
at org.openqa.selenium.chromium.ChromiumDriver.<init>(ChromiumDriver.java:99)
at org.openqa.selenium.chrome.ChromeDriver.<init>(ChromeDriver.java:88)
at org.openqa.selenium.chrome.ChromeDriver.<init>(ChromeDriver.java:83)
at org.openqa.selenium.chrome.ChromeDriver.<init>(ChromeDriver.java:72)
at utils.DriverFactory.createChromeDriver(DriverFactory.java:28)
at base.BaseTest.iniciarDriver(BaseTest.java:23)
at base.BaseTest.setUp(BaseTest.java:19)
at java.base/jdk.internal.reflect.DirectMethodHandleAccessor.invoke(DirectMethodHandleAccessor.java:103)
at java.base/java.lang.reflect.Method.invoke(Method.java:580)
at org.testng.internal.invokers.MethodInvocationHelper.invokeMethod(MethodInvocationHelper.java:141)
at org.testng.internal.invokers.MethodInvocationHelper.invokeMethodConsideringTimeout(MethodInvocationHelper.java:71)
at org.testng.internal.invokers.ConfigInvoker.invokeConfigurationMethod(ConfigInvoker.java:400)
at org.testng.internal.invokers.ConfigInvoker.invokeConfigurations(ConfigInvoker.java:333)
at org.testng.internal.invokers.TestInvoker.runConfigMethods(TestInvoker.java:836)
at org.testng.internal.invokers.TestInvoker.invokeMethod(TestInvoker.java:601)
at org.testng.internal.invokers.TestInvoker.invokeTestMethod(TestInvoker.java:230)
at org.testng.internal.invokers.MethodRunner.runInSequence(MethodRunner.java:63)
at org.testng.internal.invokers.TestInvoker$MethodInvocationAgent.invoke(TestInvoker.java:995)
at org.testng.internal.invokers.TestInvoker.invokeTestMethods(TestInvoker.java:203)
at org.testng.internal.invokers.TestMethodWorker.invokeTestMethods(TestMethodWorker.java:154)
at org.testng.internal.invokers.TestMethodWorker.run(TestMethodWorker.java:134)
at java.base/java.util.ArrayList.forEach(ArrayList.java:1596)
at org.testng.TestRunner.privateRun(TestRunner.java:741)
at org.testng.TestRunner.run(TestRunner.java:616)
at org.testng.SuiteRunner.runTest(SuiteRunner.java:421)
at org.testng.SuiteRunner.runSequentially(SuiteRunner.java:413)
at org.testng.SuiteRunner.privateRun(SuiteRunner.java:373)
at org.testng.SuiteRunner.run(SuiteRunner.java:312)
at org.testng.SuiteRunnerWorker.runSuite(SuiteRunnerWorker.java:52)
at org.testng.SuiteRunnerWorker.run(SuiteRunnerWorker.java:95)
at org.testng.TestNG.runSuitesSequentially(TestNG.java:1274)
at org.testng.TestNG.runSuitesLocally(TestNG.java:1208)
at org.testng.TestNG.runSuites(TestNG.java:1112)
at org.testng.TestNG.run(TestNG.java:1079)
at org.testng.remote.AbstractRemoteTestNG.run(AbstractRemoteTestNG.java:115)
at org.testng.remote.RemoteTestNG.initAndRun(RemoteTestNG.java:293)
at org.testng.remote.RemoteTestNG.main(RemoteTestNG.java:91)
Caused by: java.io.UncheckedIOException: java.io.IOException: Cannot run program "C:\Users\sergi\.cache\selenium\chromedriver\win64\152.0.7977.82\chromedriver.exe": CreateProcess error=4551, Una directiva de Control de aplicaciones bloqueó este archivo
at org.openqa.selenium.os.ExternalProcess$Builder.start(ExternalProcess.java:195)
at org.openqa.selenium.remote.service.DriverService.start(DriverService.java:213)
at org.openqa.selenium.remote.service.DriverCommandExecutor.execute(DriverCommandExecutor.java:117)
at org.openqa.selenium.remote.RemoteWebDriver.execute(RemoteWebDriver.java:557)
... 39 more
Caused by: java.io.IOException: Cannot run program "C:\Users\sergi\.cache\selenium\chromedriver\win64\152.0.7977.82\chromedriver.exe": CreateProcess error=4551, Una directiva de Control de aplicaciones bloqueó este archivo
at java.base/java.lang.ProcessBuilder.start(ProcessBuilder.java:1170)
at java.base/java.lang.ProcessBuilder.start(ProcessBuilder.java:1089)
at org.openqa.selenium.os.ExternalProcess$Builder.start(ExternalProcess.java:193)
... 42 more
Caused by: java.io.IOException: CreateProcess error=4551, Una directiva de Control de aplicaciones bloqueó este archivo
at java.base/java.lang.ProcessImpl.create(Native Method)
at java.base/java.lang.ProcessImpl.<init>(ProcessImpl.java:506)
at java.base/java.lang.ProcessImpl.start(ProcessImpl.java:159)
at java.base/java.lang.ProcessBuilder.start(ProcessBuilder.java:1126)
... 44 more
]]>
    </error>
  </testcase> <!-- setUp -->
  <testcase classname="tests.SantanderNavigationTest" name="setUp" time="0.800">
    <error message="Could not start a new session. Possible causes are invalid address of the remote server or browser start-up failure. 
Host info: host: &#039;DESKTOP-GLSGGQ6&#039;, ip: &#039;192.168.0.53&#039;
Build info: version: &#039;4.35.0&#039;, revision: &#039;1c58e5028b&#039;
System info: os.name: &#039;Windows 11&#039;, os.arch: &#039;amd64&#039;, os.version: &#039;10.0&#039;, java.version: &#039;21.0.12&#039;
Driver info: org.openqa.selenium.chrome.ChromeDriver
Command: [null, newSession {capabilities=[Capabilities {browserName: chrome, goog:chromeOptions: {args: [--disable-search-engine-cho...], binary: C:\Program Files\Google\Chr..., extensions: [], prefs: {credentials_enable_service: false, profile.password_manager_enabled: false, profile.password_manager_leak_detection: false}}}]}]" type="org.openqa.selenium.SessionNotCreatedException">
      <![CDATA[org.openqa.selenium.SessionNotCreatedException: Could not start a new session. Possible causes are invalid address of the remote server or browser start-up failure. 
Host info: host: 'DESKTOP-GLSGGQ6', ip: '192.168.0.53'
Build info: version: '4.35.0', revision: '1c58e5028b'
System info: os.name: 'Windows 11', os.arch: 'amd64', os.version: '10.0', java.version: '21.0.12'
Driver info: org.openqa.selenium.chrome.ChromeDriver
Command: [null, newSession {capabilities=[Capabilities {browserName: chrome, goog:chromeOptions: {args: [--disable-search-engine-cho...], binary: C:\Program Files\Google\Chr..., extensions: [], prefs: {credentials_enable_service: false, profile.password_manager_enabled: false, profile.password_manager_leak_detection: false}}}]}]
at org.openqa.selenium.remote.RemoteWebDriver.execute(RemoteWebDriver.java:575)
at org.openqa.selenium.remote.RemoteWebDriver.startSession(RemoteWebDriver.java:246)
at org.openqa.selenium.remote.RemoteWebDriver.<init>(RemoteWebDriver.java:174)
at org.openqa.selenium.chromium.ChromiumDriver.<init>(ChromiumDriver.java:99)
at org.openqa.selenium.chrome.ChromeDriver.<init>(ChromeDriver.java:88)
at org.openqa.selenium.chrome.ChromeDriver.<init>(ChromeDriver.java:83)
at org.openqa.selenium.chrome.ChromeDriver.<init>(ChromeDriver.java:72)
at utils.DriverFactory.createChromeDriver(DriverFactory.java:28)
at base.BaseTest.iniciarDriver(BaseTest.java:23)
at base.BaseTest.setUp(BaseTest.java:19)
at java.base/jdk.internal.reflect.DirectMethodHandleAccessor.invoke(DirectMethodHandleAccessor.java:103)
at java.base/java.lang.reflect.Method.invoke(Method.java:580)
at org.testng.internal.invokers.MethodInvocationHelper.invokeMethod(MethodInvocationHelper.java:141)
at org.testng.internal.invokers.MethodInvocationHelper.invokeMethodConsideringTimeout(MethodInvocationHelper.java:71)
at org.testng.internal.invokers.ConfigInvoker.invokeConfigurationMethod(ConfigInvoker.java:400)
at org.testng.internal.invokers.ConfigInvoker.invokeConfigurations(ConfigInvoker.java:333)
at org.testng.internal.invokers.TestInvoker.runConfigMethods(TestInvoker.java:836)
at org.testng.internal.invokers.TestInvoker.invokeMethod(TestInvoker.java:601)
at org.testng.internal.invokers.TestInvoker.invokeTestMethod(TestInvoker.java:230)
at org.testng.internal.invokers.MethodRunner.runInSequence(MethodRunner.java:63)
at org.testng.internal.invokers.TestInvoker$MethodInvocationAgent.invoke(TestInvoker.java:995)
at org.testng.internal.invokers.TestInvoker.invokeTestMethods(TestInvoker.java:203)
at org.testng.internal.invokers.TestMethodWorker.invokeTestMethods(TestMethodWorker.java:154)
at org.testng.internal.invokers.TestMethodWorker.run(TestMethodWorker.java:134)
at java.base/java.util.ArrayList.forEach(ArrayList.java:1596)
at org.testng.TestRunner.privateRun(TestRunner.java:741)
at org.testng.TestRunner.run(TestRunner.java:616)
at org.testng.SuiteRunner.runTest(SuiteRunner.java:421)
at org.testng.SuiteRunner.runSequentially(SuiteRunner.java:413)
at org.testng.SuiteRunner.privateRun(SuiteRunner.java:373)
at org.testng.SuiteRunner.run(SuiteRunner.java:312)
at org.testng.SuiteRunnerWorker.runSuite(SuiteRunnerWorker.java:52)
at org.testng.SuiteRunnerWorker.run(SuiteRunnerWorker.java:95)
at org.testng.TestNG.runSuitesSequentially(TestNG.java:1274)
at org.testng.TestNG.runSuitesLocally(TestNG.java:1208)
at org.testng.TestNG.runSuites(TestNG.java:1112)
at org.testng.TestNG.run(TestNG.java:1079)
at org.testng.remote.AbstractRemoteTestNG.run(AbstractRemoteTestNG.java:115)
at org.testng.remote.RemoteTestNG.initAndRun(RemoteTestNG.java:293)
at org.testng.remote.RemoteTestNG.main(RemoteTestNG.java:91)
Caused by: java.io.UncheckedIOException: java.io.IOException: Cannot run program "C:\Users\sergi\.cache\selenium\chromedriver\win64\152.0.7977.82\chromedriver.exe": CreateProcess error=4551, Una directiva de Control de aplicaciones bloqueó este archivo
at org.openqa.selenium.os.ExternalProcess$Builder.start(ExternalProcess.java:195)
at org.openqa.selenium.remote.service.DriverService.start(DriverService.java:213)
at org.openqa.selenium.remote.service.DriverCommandExecutor.execute(DriverCommandExecutor.java:117)
at org.openqa.selenium.remote.RemoteWebDriver.execute(RemoteWebDriver.java:557)
... 39 more
Caused by: java.io.IOException: Cannot run program "C:\Users\sergi\.cache\selenium\chromedriver\win64\152.0.7977.82\chromedriver.exe": CreateProcess error=4551, Una directiva de Control de aplicaciones bloqueó este archivo
at java.base/java.lang.ProcessBuilder.start(ProcessBuilder.java:1170)
at java.base/java.lang.ProcessBuilder.start(ProcessBuilder.java:1089)
at org.openqa.selenium.os.ExternalProcess$Builder.start(ExternalProcess.java:193)
... 42 more
Caused by: java.io.IOException: CreateProcess error=4551, Una directiva de Control de aplicaciones bloqueó este archivo
at java.base/java.lang.ProcessImpl.create(Native Method)
at java.base/java.lang.ProcessImpl.<init>(ProcessImpl.java:506)
at java.base/java.lang.ProcessImpl.start(ProcessImpl.java:159)
at java.base/java.lang.ProcessBuilder.start(ProcessBuilder.java:1126)
... 44 more
]]>
    </error>
  </testcase> <!-- setUp -->
  <testcase classname="tests.SantanderNavigationTest" name="setUp" time="0.828">
    <error message="Could not start a new session. Possible causes are invalid address of the remote server or browser start-up failure. 
Host info: host: &#039;DESKTOP-GLSGGQ6&#039;, ip: &#039;192.168.0.53&#039;
Build info: version: &#039;4.35.0&#039;, revision: &#039;1c58e5028b&#039;
System info: os.name: &#039;Windows 11&#039;, os.arch: &#039;amd64&#039;, os.version: &#039;10.0&#039;, java.version: &#039;21.0.12&#039;
Driver info: org.openqa.selenium.chrome.ChromeDriver
Command: [null, newSession {capabilities=[Capabilities {browserName: chrome, goog:chromeOptions: {args: [--disable-search-engine-cho...], binary: C:\Program Files\Google\Chr..., extensions: [], prefs: {credentials_enable_service: false, profile.password_manager_enabled: false, profile.password_manager_leak_detection: false}}}]}]" type="org.openqa.selenium.SessionNotCreatedException">
      <![CDATA[org.openqa.selenium.SessionNotCreatedException: Could not start a new session. Possible causes are invalid address of the remote server or browser start-up failure. 
Host info: host: 'DESKTOP-GLSGGQ6', ip: '192.168.0.53'
Build info: version: '4.35.0', revision: '1c58e5028b'
System info: os.name: 'Windows 11', os.arch: 'amd64', os.version: '10.0', java.version: '21.0.12'
Driver info: org.openqa.selenium.chrome.ChromeDriver
Command: [null, newSession {capabilities=[Capabilities {browserName: chrome, goog:chromeOptions: {args: [--disable-search-engine-cho...], binary: C:\Program Files\Google\Chr..., extensions: [], prefs: {credentials_enable_service: false, profile.password_manager_enabled: false, profile.password_manager_leak_detection: false}}}]}]
at org.openqa.selenium.remote.RemoteWebDriver.execute(RemoteWebDriver.java:575)
at org.openqa.selenium.remote.RemoteWebDriver.startSession(RemoteWebDriver.java:246)
at org.openqa.selenium.remote.RemoteWebDriver.<init>(RemoteWebDriver.java:174)
at org.openqa.selenium.chromium.ChromiumDriver.<init>(ChromiumDriver.java:99)
at org.openqa.selenium.chrome.ChromeDriver.<init>(ChromeDriver.java:88)
at org.openqa.selenium.chrome.ChromeDriver.<init>(ChromeDriver.java:83)
at org.openqa.selenium.chrome.ChromeDriver.<init>(ChromeDriver.java:72)
at utils.DriverFactory.createChromeDriver(DriverFactory.java:28)
at base.BaseTest.iniciarDriver(BaseTest.java:23)
at base.BaseTest.setUp(BaseTest.java:19)
at java.base/jdk.internal.reflect.DirectMethodHandleAccessor.invoke(DirectMethodHandleAccessor.java:103)
at java.base/java.lang.reflect.Method.invoke(Method.java:580)
at org.testng.internal.invokers.MethodInvocationHelper.invokeMethod(MethodInvocationHelper.java:141)
at org.testng.internal.invokers.MethodInvocationHelper.invokeMethodConsideringTimeout(MethodInvocationHelper.java:71)
at org.testng.internal.invokers.ConfigInvoker.invokeConfigurationMethod(ConfigInvoker.java:400)
at org.testng.internal.invokers.ConfigInvoker.invokeConfigurations(ConfigInvoker.java:333)
at org.testng.internal.invokers.TestInvoker.runConfigMethods(TestInvoker.java:836)
at org.testng.internal.invokers.TestInvoker.invokeMethod(TestInvoker.java:601)
at org.testng.internal.invokers.TestInvoker.invokeTestMethod(TestInvoker.java:230)
at org.testng.internal.invokers.MethodRunner.runInSequence(MethodRunner.java:63)
at org.testng.internal.invokers.TestInvoker$MethodInvocationAgent.invoke(TestInvoker.java:995)
at org.testng.internal.invokers.TestInvoker.invokeTestMethods(TestInvoker.java:203)
at org.testng.internal.invokers.TestMethodWorker.invokeTestMethods(TestMethodWorker.java:154)
at org.testng.internal.invokers.TestMethodWorker.run(TestMethodWorker.java:134)
at java.base/java.util.ArrayList.forEach(ArrayList.java:1596)
at org.testng.TestRunner.privateRun(TestRunner.java:741)
at org.testng.TestRunner.run(TestRunner.java:616)
at org.testng.SuiteRunner.runTest(SuiteRunner.java:421)
at org.testng.SuiteRunner.runSequentially(SuiteRunner.java:413)
at org.testng.SuiteRunner.privateRun(SuiteRunner.java:373)
at org.testng.SuiteRunner.run(SuiteRunner.java:312)
at org.testng.SuiteRunnerWorker.runSuite(SuiteRunnerWorker.java:52)
at org.testng.SuiteRunnerWorker.run(SuiteRunnerWorker.java:95)
at org.testng.TestNG.runSuitesSequentially(TestNG.java:1274)
at org.testng.TestNG.runSuitesLocally(TestNG.java:1208)
at org.testng.TestNG.runSuites(TestNG.java:1112)
at org.testng.TestNG.run(TestNG.java:1079)
at org.testng.remote.AbstractRemoteTestNG.run(AbstractRemoteTestNG.java:115)
at org.testng.remote.RemoteTestNG.initAndRun(RemoteTestNG.java:293)
at org.testng.remote.RemoteTestNG.main(RemoteTestNG.java:91)
Caused by: java.io.UncheckedIOException: java.io.IOException: Cannot run program "C:\Users\sergi\.cache\selenium\chromedriver\win64\152.0.7977.82\chromedriver.exe": CreateProcess error=4551, Una directiva de Control de aplicaciones bloqueó este archivo
at org.openqa.selenium.os.ExternalProcess$Builder.start(ExternalProcess.java:195)
at org.openqa.selenium.remote.service.DriverService.start(DriverService.java:213)
at org.openqa.selenium.remote.service.DriverCommandExecutor.execute(DriverCommandExecutor.java:117)
at org.openqa.selenium.remote.RemoteWebDriver.execute(RemoteWebDriver.java:557)
... 39 more
Caused by: java.io.IOException: Cannot run program "C:\Users\sergi\.cache\selenium\chromedriver\win64\152.0.7977.82\chromedriver.exe": CreateProcess error=4551, Una directiva de Control de aplicaciones bloqueó este archivo
at java.base/java.lang.ProcessBuilder.start(ProcessBuilder.java:1170)
at java.base/java.lang.ProcessBuilder.start(ProcessBuilder.java:1089)
at org.openqa.selenium.os.ExternalProcess$Builder.start(ExternalProcess.java:193)
... 42 more
Caused by: java.io.IOException: CreateProcess error=4551, Una directiva de Control de aplicaciones bloqueó este archivo
at java.base/java.lang.ProcessImpl.create(Native Method)
at java.base/java.lang.ProcessImpl.<init>(ProcessImpl.java:506)
at java.base/java.lang.ProcessImpl.start(ProcessImpl.java:159)
at java.base/java.lang.ProcessBuilder.start(ProcessBuilder.java:1126)
... 44 more
]]>
    </error>
  </testcase> <!-- setUp -->
  <testcase classname="tests.SantanderNavigationTest" name="setUp" time="0.802">
    <error message="Could not start a new session. Possible causes are invalid address of the remote server or browser start-up failure. 
Host info: host: &#039;DESKTOP-GLSGGQ6&#039;, ip: &#039;192.168.0.53&#039;
Build info: version: &#039;4.35.0&#039;, revision: &#039;1c58e5028b&#039;
System info: os.name: &#039;Windows 11&#039;, os.arch: &#039;amd64&#039;, os.version: &#039;10.0&#039;, java.version: &#039;21.0.12&#039;
Driver info: org.openqa.selenium.chrome.ChromeDriver
Command: [null, newSession {capabilities=[Capabilities {browserName: chrome, goog:chromeOptions: {args: [--disable-search-engine-cho...], binary: C:\Program Files\Google\Chr..., extensions: [], prefs: {credentials_enable_service: false, profile.password_manager_enabled: false, profile.password_manager_leak_detection: false}}}]}]" type="org.openqa.selenium.SessionNotCreatedException">
      <![CDATA[org.openqa.selenium.SessionNotCreatedException: Could not start a new session. Possible causes are invalid address of the remote server or browser start-up failure. 
Host info: host: 'DESKTOP-GLSGGQ6', ip: '192.168.0.53'
Build info: version: '4.35.0', revision: '1c58e5028b'
System info: os.name: 'Windows 11', os.arch: 'amd64', os.version: '10.0', java.version: '21.0.12'
Driver info: org.openqa.selenium.chrome.ChromeDriver
Command: [null, newSession {capabilities=[Capabilities {browserName: chrome, goog:chromeOptions: {args: [--disable-search-engine-cho...], binary: C:\Program Files\Google\Chr..., extensions: [], prefs: {credentials_enable_service: false, profile.password_manager_enabled: false, profile.password_manager_leak_detection: false}}}]}]
at org.openqa.selenium.remote.RemoteWebDriver.execute(RemoteWebDriver.java:575)
at org.openqa.selenium.remote.RemoteWebDriver.startSession(RemoteWebDriver.java:246)
at org.openqa.selenium.remote.RemoteWebDriver.<init>(RemoteWebDriver.java:174)
at org.openqa.selenium.chromium.ChromiumDriver.<init>(ChromiumDriver.java:99)
at org.openqa.selenium.chrome.ChromeDriver.<init>(ChromeDriver.java:88)
at org.openqa.selenium.chrome.ChromeDriver.<init>(ChromeDriver.java:83)
at org.openqa.selenium.chrome.ChromeDriver.<init>(ChromeDriver.java:72)
at utils.DriverFactory.createChromeDriver(DriverFactory.java:28)
at base.BaseTest.iniciarDriver(BaseTest.java:23)
at base.BaseTest.setUp(BaseTest.java:19)
at java.base/jdk.internal.reflect.DirectMethodHandleAccessor.invoke(DirectMethodHandleAccessor.java:103)
at java.base/java.lang.reflect.Method.invoke(Method.java:580)
at org.testng.internal.invokers.MethodInvocationHelper.invokeMethod(MethodInvocationHelper.java:141)
at org.testng.internal.invokers.MethodInvocationHelper.invokeMethodConsideringTimeout(MethodInvocationHelper.java:71)
at org.testng.internal.invokers.ConfigInvoker.invokeConfigurationMethod(ConfigInvoker.java:400)
at org.testng.internal.invokers.ConfigInvoker.invokeConfigurations(ConfigInvoker.java:333)
at org.testng.internal.invokers.TestInvoker.runConfigMethods(TestInvoker.java:836)
at org.testng.internal.invokers.TestInvoker.invokeMethod(TestInvoker.java:601)
at org.testng.internal.invokers.TestInvoker.invokeTestMethod(TestInvoker.java:230)
at org.testng.internal.invokers.MethodRunner.runInSequence(MethodRunner.java:63)
at org.testng.internal.invokers.TestInvoker$MethodInvocationAgent.invoke(TestInvoker.java:995)
at org.testng.internal.invokers.TestInvoker.invokeTestMethods(TestInvoker.java:203)
at org.testng.internal.invokers.TestMethodWorker.invokeTestMethods(TestMethodWorker.java:154)
at org.testng.internal.invokers.TestMethodWorker.run(TestMethodWorker.java:134)
at java.base/java.util.ArrayList.forEach(ArrayList.java:1596)
at org.testng.TestRunner.privateRun(TestRunner.java:741)
at org.testng.TestRunner.run(TestRunner.java:616)
at org.testng.SuiteRunner.runTest(SuiteRunner.java:421)
at org.testng.SuiteRunner.runSequentially(SuiteRunner.java:413)
at org.testng.SuiteRunner.privateRun(SuiteRunner.java:373)
at org.testng.SuiteRunner.run(SuiteRunner.java:312)
at org.testng.SuiteRunnerWorker.runSuite(SuiteRunnerWorker.java:52)
at org.testng.SuiteRunnerWorker.run(SuiteRunnerWorker.java:95)
at org.testng.TestNG.runSuitesSequentially(TestNG.java:1274)
at org.testng.TestNG.runSuitesLocally(TestNG.java:1208)
at org.testng.TestNG.runSuites(TestNG.java:1112)
at org.testng.TestNG.run(TestNG.java:1079)
at org.testng.remote.AbstractRemoteTestNG.run(AbstractRemoteTestNG.java:115)
at org.testng.remote.RemoteTestNG.initAndRun(RemoteTestNG.java:293)
at org.testng.remote.RemoteTestNG.main(RemoteTestNG.java:91)
Caused by: java.io.UncheckedIOException: java.io.IOException: Cannot run program "C:\Users\sergi\.cache\selenium\chromedriver\win64\152.0.7977.82\chromedriver.exe": CreateProcess error=4551, Una directiva de Control de aplicaciones bloqueó este archivo
at org.openqa.selenium.os.ExternalProcess$Builder.start(ExternalProcess.java:195)
at org.openqa.selenium.remote.service.DriverService.start(DriverService.java:213)
at org.openqa.selenium.remote.service.DriverCommandExecutor.execute(DriverCommandExecutor.java:117)
at org.openqa.selenium.remote.RemoteWebDriver.execute(RemoteWebDriver.java:557)
... 39 more
Caused by: java.io.IOException: Cannot run program "C:\Users\sergi\.cache\selenium\chromedriver\win64\152.0.7977.82\chromedriver.exe": CreateProcess error=4551, Una directiva de Control de aplicaciones bloqueó este archivo
at java.base/java.lang.ProcessBuilder.start(ProcessBuilder.java:1170)
at java.base/java.lang.ProcessBuilder.start(ProcessBuilder.java:1089)
at org.openqa.selenium.os.ExternalProcess$Builder.start(ExternalProcess.java:193)
... 42 more
Caused by: java.io.IOException: CreateProcess error=4551, Una directiva de Control de aplicaciones bloqueó este archivo
at java.base/java.lang.ProcessImpl.create(Native Method)
at java.base/java.lang.ProcessImpl.<init>(ProcessImpl.java:506)
at java.base/java.lang.ProcessImpl.start(ProcessImpl.java:159)
at java.base/java.lang.ProcessBuilder.start(ProcessBuilder.java:1126)
... 44 more
]]>
    </error>
  </testcase> <!-- setUp -->
  <testcase classname="tests.SantanderNavigationTest" name="shouldNavigatePersonasCreditos" time="0.000">
    <skipped/>
  </testcase> <!-- shouldNavigatePersonasCreditos -->
  <testcase classname="tests.SantanderNavigationTest" name="shouldNavigatePersonasCanalesDigitales" time="0.000">
    <skipped/>
  </testcase> <!-- shouldNavigatePersonasCanalesDigitales -->
  <testcase classname="tests.SantanderNavigationTest" name="shouldNavigatePersonasCuentas" time="0.000">
    <skipped/>
  </testcase> <!-- shouldNavigatePersonasCuentas -->
  <testcase classname="tests.SantanderNavigationTest" name="shouldNavigatePersonasInversionesYSeguros" time="0.001">
    <skipped/>
  </testcase> <!-- shouldNavigatePersonasInversionesYSeguros -->
  <testcase classname="tests.SantanderNavigationTest" name="shouldNavigatePersonasAyudaYBeneficios" time="0.000">
    <skipped/>
  </testcase> <!-- shouldNavigatePersonasAyudaYBeneficios -->
  <testcase classname="tests.SantanderNavigationTest" name="shouldNavigateEmpresasLinks" time="0.000">
    <skipped/>
  </testcase> <!-- shouldNavigateEmpresasLinks -->
  <testcase classname="tests.SantanderNavigationTest" name="shouldNavigatePymesLinks" time="0.000">
    <skipped/>
  </testcase> <!-- shouldNavigatePymesLinks -->
  <testcase classname="tests.SantanderNavigationTest" name="shouldNavigateBancaPrivadaLink" time="0.000">
    <skipped/>
  </testcase> <!-- shouldNavigateBancaPrivadaLink -->
  <testcase classname="tests.SantanderNavigationTest" name="shouldNavigateAcercaDelBancoLinks" time="0.000">
    <skipped/>
  </testcase> <!-- shouldNavigateAcercaDelBancoLinks -->
</testsuite> <!-- tests.SantanderNavigationTest -->
