<?xml version="1.0" encoding="UTF-8"?>
<!-- Generated by org.testng.reporters.JUnitReportReporter -->
<testsuite hostname="DESKTOP-GLSGGQ6" failures="0" tests="4" name="tests.AutomationPracticeTest" time="18.809" errors="0" timestamp="2026-09-08T10:09:25 CST" skipped="0">
  <testcase classname="tests.AutomationPracticeTest" name="shouldCompleteFormAndControls" time="4.585"/>
  <testcase classname="tests.AutomationPracticeTest" name="shouldInteractWithProductTable" time="2.583"/>
  <testcase classname="tests.AutomationPracticeTest" name="shouldHandleAlerts" time="5.825"/>
  <testcase classname="tests.AutomationPracticeTest" name="shouldPerformAdvancedActions" time="5.816"/>
</testsuite> <!-- tests.AutomationPracticeTest -->
