<?xml version="1.0" encoding="UTF-8"?>
<testng-results ignored="0" total="1" passed="1" failed="0" skipped="0">
  <reporter-output>
  </reporter-output>
  <suite started-at="2026-09-07T12:32:56 CST" name="Default suite" finished-at="2026-09-07T12:33:00 CST" duration-ms="3668">
    <groups>
    </groups>
    <test started-at="2026-09-07T12:32:56 CST" name="Default test" finished-at="2026-09-07T12:33:00 CST" duration-ms="3668">
      <class name="tests.LoginTest">
        <test-method is-config="true" signature="setup()[pri:0, instance:tests.LoginTest@397fbdb]" started-at="2026-09-07T12:32:56 CST" name="setup" finished-at="2026-09-07T12:32:59 CST" duration-ms="2585" status="PASS">
          <reporter-output>
          </reporter-output>
        </test-method> <!-- setup -->
        <test-method signature="sholudLoginSuccessfully()[pri:0, instance:tests.LoginTest@397fbdb]" started-at="2026-09-07T12:32:59 CST" name="sholudLoginSuccessfully" finished-at="2026-09-07T12:32:59 CST" duration-ms="709" status="PASS">
          <reporter-output>
          </reporter-output>
        </test-method> <!-- sholudLoginSuccessfully -->
        <test-method is-config="true" signature="tearDown()[pri:0, instance:tests.LoginTest@397fbdb]" started-at="2026-09-07T12:32:59 CST" name="tearDown" finished-at="2026-09-07T12:33:00 CST" duration-ms="301" status="PASS">
          <reporter-output>
          </reporter-output>
        </test-method> <!-- tearDown -->
      </class> <!-- tests.LoginTest -->
    </test> <!-- Default test -->
  </suite> <!-- Default suite -->
</testng-results>
